<?xml version="1.0" encoding="UTF-8"?>
<testsuite name="Login" tests="1" skipped="0" failures="0" errors="0" timestamp="2022-10-27T17:24:32" hostname="QV-3978" time="5.465">
  <properties/>
  <testcase name="Login" classname="Login" time="5.465"/>
  <system-out><![CDATA[HTTP/1.1 200 OK
Date: Thu, 27 Oct 2022 17:24:37 GMT
Content-Type: application/json; charset=utf-8
Transfer-Encoding: chunked
Connection: keep-alive
X-Powered-By: Express
Access-Control-Allow-Origin: *
Etag: W/"153-N2cvUXXLE6QBjbN8AO28wFOsFMY"
Via: 1.1 vegur
CF-Cache-Status: DYNAMIC
Report-To: {"endpoints":[{"url":"https:\/\/a.nel.cloudflare.com\/report\/v3?s=IRJKKiaoqczmZ4aQAMvkTp8C4MsDSE5dEyIw5bXmOWZbJTn%2FI%2FyKGgcwvdTux8ff0HfTikn49gwY3EDDAXnV4s%2BvoqUcDiEUa9yDB1eAby%2FVUA%2BVV5Ip5TNb8i5RM79r6yV%2B"}],"group":"cf-nel","max_age":604800}
NEL: {"success_fraction":0,"report_to":"cf-nel","max_age":604800}
Server: cloudflare
CF-RAY: 760d2055debad9bd-MIA
Content-Encoding: gzip
alt-svc: h3=":443"; ma=86400, h3-29=":443"; ma=86400

{
    "user": {
        "email": "jarv078@gmail.com",
        "username": "johantest",
        "bio": null,
        "image": "https://api.realworld.io/images/smiley-cyrus.jpeg",
        "token": "eyJhbGciOiJIUzI1NiIsInR5cCI6IkpXVCJ9.eyJlbWFpbCI6ImphcnYwNzhAZ21haWwuY29tIiwidXNlcm5hbWUiOiJqb2hhbnRlc3QiLCJpYXQiOjE2NjY4OTE0NzcsImV4cCI6MTY3MjA3NTQ3N30.SGLTOG_8wH744BTBzKZ_LLKuEBIysuOagmdB08tFTVI"
    }
}
]]></system-out>
  <system-err><![CDATA[[Test worker] INFO io.cucumber.core.plugin.SerenityReporter - Running feature from file:///C:/Users/Scastaño/projects/ConduitScreenplayRest/src/test/resources/features/login.feature
[Test worker] WARN io.cucumber.core.plugin.SerenityReporter - Feature from file:///C:/Users/Scastaño/projects/ConduitScreenplayRest/src/test/resources/features/login.feature is not under the 'features' directory. Requirements report will not be correctly generated!
[Test worker] INFO  - 
 _____ _____ ____ _____   ____ _____  _    ____ _____ _____ ____  
|_   _| ____/ ___|_   _| / ___|_   _|/ \  |  _ \_   _| ____|  _ \ 
  | | |  _| \___ \ | |   \___ \ | | / _ \ | |_) || | |  _| | | | |
  | | | |___ ___) || |    ___) || |/ ___ \|  _ < | | | |___| |_| |
  |_| |_____|____/ |_|   |____/ |_/_/   \_\_| \_\|_| |_____|____/ 

Login(login;login)
-------------------------------------------------------------------
[Test worker] INFO  - 
        __    _____ _____ ____ _____   ____   _    ____  ____  _____ ____  
  _     \ \  |_   _| ____/ ___|_   _| |  _ \ / \  / ___|/ ___|| ____|  _ \ 
 (_)_____| |   | | |  _| \___ \ | |   | |_) / _ \ \___ \\___ \|  _| | | | |
  _|_____| |   | | | |___ ___) || |   |  __/ ___ \ ___) |___) | |___| |_| |
 (_)     | |   |_| |_____|____/ |_|   |_| /_/   \_\____/|____/|_____|____/ 
        /_/                                                                

Login
----------------------------------------------------------------------------
]]></system-err>
</testsuite>
